#
# There is insufficient memory for the Java Runtime Environment to continue.
# Native memory allocation (malloc) failed to allocate 1275136 bytes for Chunk::new
# Possible reasons:
#   The system is out of physical RAM or swap space
#   The process is running with CompressedOops enabled, and the Java Heap may be blocking the growth of the native heap
# Possible solutions:
#   Reduce memory load on the system
#   Increase physical memory or swap space
#   Check if swap backing store is full
#   Decrease Java heap size (-Xmx/-Xms)
#   Decrease number of Java threads
#   Decrease Java thread stack sizes (-Xss)
#   Set larger code cache with -XX:ReservedCodeCacheSize=
#   JVM is running with Unscaled Compressed Oops mode in which the Java heap is
#     placed in the first 4GB address space. The Java Heap base address is the
#     maximum limit for the native heap growth. Please use -XX:HeapBaseMinAddress
#     to set the Java Heap base and to place the Java Heap above 4GB virtual address.
# This output file may be truncated or incomplete.
#
#  Out of Memory Error (allocation.cpp:389), pid=25452, tid=0x0000000000006f1c
#
# JRE version: OpenJDK Runtime Environment (8.0_242-b01) (build 1.8.0_242-release-1644-b01)
# Java VM: OpenJDK 64-Bit Server VM (25.242-b01 mixed mode windows-amd64 compressed oops)
# Failed to write core dump. Minidumps are not enabled by default on client versions of Windows
#

---------------  T H R E A D  ---------------

Current thread (0x0000000017286000):  JavaThread "C2 CompilerThread0" daemon [_thread_in_native, id=28444, stack(0x0000000017b50000,0x0000000017c50000)]

Stack: [0x0000000017b50000,0x0000000017c50000]
[error occurred during error reporting (printing stack bounds), id 0xc0000005]

Native frames: (J=compiled Java code, j=interpreted, Vv=VM code, C=native code)


Current CompileTask:
C2:  24508 12260 %     4       com.android.tools.r8.ir.regalloc.a::a @ 531 (952 bytes)


---------------  P R O C E S S  ---------------

Java Threads: ( => current thread )
  0x000000002673a800 JavaThread "WorkerExecutor Queue Thread 9" [_thread_blocked, id=27164, stack(0x0000000027290000,0x0000000027390000)]
  0x0000000026745000 JavaThread "stdout" [_thread_in_native, id=9772, stack(0x0000000028470000,0x0000000028570000)]
  0x0000000026742000 JavaThread "stderr" [_thread_in_native, id=23316, stack(0x0000000028370000,0x0000000028470000)]
  0x0000000026743800 JavaThread "stdout" [_thread_in_native, id=16152, stack(0x0000000028270000,0x0000000028370000)]
  0x0000000026739000 JavaThread "stderr" [_thread_in_native, id=7972, stack(0x0000000028170000,0x0000000028270000)]
  0x0000000026740000 JavaThread "stdout" [_thread_in_native, id=10456, stack(0x0000000028070000,0x0000000028170000)]
  0x0000000026738800 JavaThread "stderr" [_thread_in_native, id=1004, stack(0x0000000027f70000,0x0000000028070000)]
  0x000000002673a000 JavaThread "stdout" [_thread_in_native, id=4824, stack(0x0000000027e70000,0x0000000027f70000)]
  0x000000002673f000 JavaThread "stderr" [_thread_in_native, id=15636, stack(0x0000000027d70000,0x0000000027e70000)]
  0x000000002673e800 JavaThread "WorkerExecutor Queue Thread 8" [_thread_blocked, id=11300, stack(0x0000000027c70000,0x0000000027d70000)]
  0x0000000026736000 JavaThread "WorkerExecutor Queue Thread 5" [_thread_blocked, id=28212, stack(0x0000000027970000,0x0000000027a70000)]
  0x000000002673d000 JavaThread "WorkerExecutor Queue Thread 4" [_thread_blocked, id=28724, stack(0x0000000027870000,0x0000000027970000)]
  0x0000000026737800 JavaThread "WorkerExecutor Queue Thread 3" [_thread_blocked, id=26516, stack(0x00000000275e0000,0x00000000276e0000)]
  0x000000002673c000 JavaThread "WorkerExecutor Queue Thread 2" [_thread_blocked, id=4808, stack(0x00000000274e0000,0x00000000275e0000)]
  0x000000002673b800 JavaThread "WorkerExecutor Queue" [_thread_blocked, id=25296, stack(0x00000000273e0000,0x00000000274e0000)]
  0x0000000021cd9800 JavaThread "stdout" [_thread_in_native, id=27088, stack(0x0000000026f90000,0x0000000027090000)]
  0x0000000021cd8800 JavaThread "stderr" [_thread_in_native, id=2352, stack(0x0000000026e90000,0x0000000026f90000)]
  0x0000000021cd8000 JavaThread "stdout" [_thread_in_native, id=26088, stack(0x0000000026d90000,0x0000000026e90000)]
  0x0000000021cd5000 JavaThread "stderr" [_thread_in_native, id=12792, stack(0x0000000026c90000,0x0000000026d90000)]
  0x0000000021cda000 JavaThread "stdout" [_thread_in_native, id=25112, stack(0x0000000026b90000,0x0000000026c90000)]
  0x0000000021cd4000 JavaThread "stderr" [_thread_in_native, id=28988, stack(0x0000000026a90000,0x0000000026b90000)]
  0x0000000021cdb000 JavaThread "pool-2-thread-1" [_thread_blocked, id=22064, stack(0x00000000258e0000,0x00000000259e0000)]
  0x0000000021cd7000 JavaThread "Cache worker for execution history cache (D:\MusicPlayer\.gradle\6.1.1\executionHistory)" [_thread_blocked, id=12676, stack(0x00000000255e0000,0x00000000256e0000)]
  0x0000000021cd6800 JavaThread "Execution worker for ':' Thread 7" [_thread_blocked, id=29124, stack(0x00000000252e0000,0x00000000253e0000)]
  0x0000000021cd5800 JavaThread "Execution worker for ':' Thread 6" [_thread_blocked, id=21384, stack(0x0000000024fc0000,0x00000000250c0000)]
  0x0000000018812000 JavaThread "Execution worker for ':' Thread 5" [_thread_in_Java, id=18020, stack(0x0000000024ec0000,0x0000000024fc0000)]
  0x0000000018817800 JavaThread "Execution worker for ':' Thread 4" [_thread_blocked, id=17264, stack(0x0000000024dc0000,0x0000000024ec0000)]
  0x0000000018816800 JavaThread "Execution worker for ':' Thread 3" [_thread_blocked, id=24032, stack(0x0000000024a80000,0x0000000024b80000)]
  0x0000000018815000 JavaThread "Execution worker for ':' Thread 2" [_thread_in_Java, id=22868, stack(0x0000000024980000,0x0000000024a80000)]
  0x0000000018814800 JavaThread "Execution worker for ':'" [_thread_blocked, id=25588, stack(0x0000000024880000,0x0000000024980000)]
  0x0000000018813800 JavaThread "Cache worker for file content cache (D:\MusicPlayer\.gradle\6.1.1\fileContent)" [_thread_blocked, id=21028, stack(0x0000000024580000,0x0000000024680000)]
  0x0000000018816000 JavaThread "Cache worker for file content cache (C:\Users\admin\.gradle\caches\6.1.1\fileContent)" [_thread_blocked, id=24248, stack(0x0000000024480000,0x0000000024580000)]
  0x0000000018813000 JavaThread "Memory manager" [_thread_blocked, id=27052, stack(0x0000000024380000,0x0000000024480000)]
  0x0000000018810800 JavaThread "Cache worker for Build Output Cleanup Cache (D:\MusicPlayer\.gradle\buildOutputCleanup)" [_thread_blocked, id=29144, stack(0x0000000023880000,0x0000000023980000)]
  0x000000001880f000 JavaThread "pool-1-thread-1" [_thread_blocked, id=19052, stack(0x0000000023580000,0x0000000023680000)]
  0x000000001880d000 JavaThread "Build operations Thread 8" [_thread_blocked, id=476, stack(0x0000000023080000,0x0000000023180000)]
  0x000000001880c000 JavaThread "Build operations Thread 7" [_thread_blocked, id=20052, stack(0x0000000021f20000,0x0000000022020000)]
  0x0000000018811800 JavaThread "Build operations Thread 6" [_thread_blocked, id=8080, stack(0x0000000021e20000,0x0000000021f20000)]
  0x000000001880b800 JavaThread "Build operations Thread 5" [_thread_blocked, id=24852, stack(0x0000000021d20000,0x0000000021e20000)]
  0x0000000018810000 JavaThread "Build operations Thread 4" [_thread_blocked, id=27484, stack(0x0000000020bb0000,0x0000000020cb0000)]
  0x0000000018808800 JavaThread "Build operations Thread 3" [_thread_blocked, id=31712, stack(0x0000000020ab0000,0x0000000020bb0000)]
  0x000000001880e800 JavaThread "Build operations Thread 2" [_thread_blocked, id=6680, stack(0x00000000209b0000,0x0000000020ab0000)]
  0x0000000018809000 JavaThread "Build operations" [_thread_blocked, id=19512, stack(0x00000000205e0000,0x00000000206e0000)]
  0x0000000019e42800 JavaThread "Cache worker for execution history cache (C:\Users\admin\.gradle\caches\6.1.1\executionHistory)" [_thread_blocked, id=18576, stack(0x000000001e710000,0x000000001e810000)]
  0x0000000019e41000 JavaThread "Cache worker for cache directory md-rule (C:\Users\admin\.gradle\caches\6.1.1\md-rule)" [_thread_blocked, id=26112, stack(0x000000001e610000,0x000000001e710000)]
  0x0000000019e3d000 JavaThread "Cache worker for cache directory md-supplier (C:\Users\admin\.gradle\caches\6.1.1\md-supplier)" [_thread_blocked, id=27428, stack(0x000000001e510000,0x000000001e610000)]
  0x0000000019e41800 JavaThread "Cache worker for file hash cache (D:\MusicPlayer\.gradle\6.1.1\fileHashes)" [_thread_blocked, id=9144, stack(0x000000001fce0000,0x000000001fde0000)]
  0x0000000019e3f800 JavaThread "Cache worker for checksums cache (D:\MusicPlayer\.gradle\checksums)" [_thread_blocked, id=19384, stack(0x000000001ec10000,0x000000001ed10000)]
  0x0000000019e40000 JavaThread "Cache worker for file hash cache (C:\Users\admin\.gradle\caches\6.1.1\fileHashes)" [_thread_blocked, id=24588, stack(0x000000001c070000,0x000000001c170000)]
  0x0000000019e3c800 JavaThread "File lock request listener" [_thread_in_native, id=2496, stack(0x000000001bf70000,0x000000001c070000)]
  0x0000000019eb3000 JavaThread "Cache worker for journal cache (C:\Users\admin\.gradle\caches\journal-1)" [_thread_blocked, id=11716, stack(0x000000001be70000,0x000000001bf70000)]
  0x0000000019ddb800 JavaThread "Thread-9" [_thread_blocked, id=29308, stack(0x000000001bb70000,0x000000001bc70000)]
  0x0000000019dd6800 JavaThread "Stdin handler" [_thread_blocked, id=18552, stack(0x000000001ba70000,0x000000001bb70000)]
  0x0000000019dd5000 JavaThread "Asynchronous log dispatcher for DefaultDaemonConnection: socket connection from /127.0.0.1:61272 to /127.0.0.1:61273" [_thread_blocked, id=23444, stack(0x000000001b870000,0x000000001b970000)]
  0x0000000019db3000 JavaThread "Daemon worker" [_thread_blocked, id=21188, stack(0x000000001b770000,0x000000001b870000)]
  0x0000000019dde000 JavaThread "Cancel handler" [_thread_blocked, id=16744, stack(0x000000001b670000,0x000000001b770000)]
  0x0000000019d79000 JavaThread "Handler for socket connection from /127.0.0.1:61272 to /127.0.0.1:61273" [_thread_in_native, id=25276, stack(0x000000001b370000,0x000000001b470000)]
  0x0000000019d73000 JavaThread "Daemon" [_thread_blocked, id=27924, stack(0x000000001b270000,0x000000001b370000)]
  0x0000000019d65000 JavaThread "Daemon periodic checks" [_thread_blocked, id=7580, stack(0x000000001b170000,0x000000001b270000)]
  0x0000000019d03800 JavaThread "Incoming local TCP Connector on port 61272" [_thread_in_native, id=14208, stack(0x000000001af30000,0x000000001b030000)]
  0x0000000019ca2800 JavaThread "Daemon health stats" [_thread_blocked, id=20184, stack(0x000000001a8f0000,0x000000001a9f0000)]
  0x0000000017311000 JavaThread "Service Thread" daemon [_thread_blocked, id=7988, stack(0x0000000017f50000,0x0000000018050000)]
  0x0000000017290000 JavaThread "C1 CompilerThread3" daemon [_thread_in_native, id=15652, stack(0x0000000017e50000,0x0000000017f50000)]
  0x000000001547e800 JavaThread "C2 CompilerThread2" daemon [_thread_in_native, id=26200, stack(0x0000000017d50000,0x0000000017e50000)]
  0x000000001547d000 JavaThread "C2 CompilerThread1" daemon [_thread_in_native, id=22920, stack(0x0000000017c50000,0x0000000017d50000)]
=>0x0000000017286000 JavaThread "C2 CompilerThread0" daemon [_thread_in_native, id=28444, stack(0x0000000017b50000,0x0000000017c50000)]
  0x0000000017284800 JavaThread "Attach Listener" daemon [_thread_blocked, id=12656, stack(0x0000000017a50000,0x0000000017b50000)]
  0x0000000017283800 JavaThread "Signal Dispatcher" daemon [_thread_blocked, id=29416, stack(0x0000000017950000,0x0000000017a50000)]
  0x000000000294c800 JavaThread "Finalizer" daemon [_thread_blocked, id=26356, stack(0x0000000017750000,0x0000000017850000)]
  0x0000000017270800 JavaThread "Reference Handler" daemon [_thread_blocked, id=11812, stack(0x0000000017650000,0x0000000017750000)]
  0x0000000002852800 JavaThread "main" [_thread_blocked, id=16116, stack(0x0000000002750000,0x0000000002850000)]

Other Threads:
  0x0000000015468000 VMThread [stack: 0x0000000017150000,0x0000000017250000] [id=8344]
  0x0000000017312000 WatcherThread [stack: 0x0000000018050000,0x0000000018150000] [id=10976]

VM state:not at safepoint (normal execution)

VM Mutex/Monitor currently owned by a thread: None

heap address: 0x00000000c0000000, size: 1024 MB, Compressed Oops mode: 32-bit
Narrow klass base: 0x0000000000000000, Narrow klass shift: 3
Compressed class space size: 1073741824 Address: 0x0000000100000000

Heap:
 PSYoungGen      total 309248K, used 14077K [0x00000000eab00000, 0x00000000ffd80000, 0x0000000100000000)
  eden space 274944K, 2% used [0x00000000eab00000,0x00000000eb21f4c0,0x00000000fb780000)
  from space 34304K, 19% used [0x00000000fdc00000,0x00000000fe2a0010,0x00000000ffd80000)
  to   space 35840K, 0% used [0x00000000fb780000,0x00000000fb780000,0x00000000fda80000)
 ParOldGen       total 115712K, used 89311K [0x00000000c0000000, 0x00000000c7100000, 0x00000000eab00000)
  object space 115712K, 77% used [0x00000000c0000000,0x00000000c5737c98,0x00000000c7100000)
 Metaspace       used 79383K, capacity 84132K, committed 84376K, reserved 1122304K
  class space    used 10811K, capacity 11687K, committed 11696K, reserved 1048576K

Card table byte_map: [0x0000000011d10000,0x0000000011f20000] byte_map_base: 0x0000000011710000

Marking Bits: (ParMarkBitMap*) 0x000000005dcdf030
 Begin Bits: [0x0000000012880000, 0x0000000013880000)
 End Bits:   [0x0000000013880000, 0x0000000014880000)

Polling page: 0x00000000009d0000

CodeCache: size=245760Kb used=37098Kb max_used=37098Kb free=208661Kb
 bounds [0x0000000002950000, 0x0000000004db0000, 0x0000000011950000]
 total_blobs=12199 nmethods=11364 adapters=745
 compilation: enabled

Compilation events (10 events):
Event: 24.434 Thread 0x0000000017290000 13239       3       com.android.tools.r8.u.b.n::a (36 bytes)
Event: 24.436 Thread 0x0000000017290000 nmethod 13239 0x0000000004da69d0 code [0x0000000004da6be0, 0x0000000004da75e8]
Event: 24.450 Thread 0x0000000017290000 13240 %     3       com.android.tools.r8.ir.optimize.C::doHash @ 57 (129 bytes)
Event: 24.452 Thread 0x0000000017290000 nmethod 13240% 0x0000000004da7a90 code [0x0000000004da7ce0, 0x0000000004da8df8]
Event: 24.495 Thread 0x0000000017290000 13242       2       com.android.tools.r8.r.n.f::a (49 bytes)
Event: 24.496 Thread 0x0000000017290000 nmethod 13242 0x0000000004da9410 code [0x0000000004da9640, 0x0000000004da9fb8]
Event: 24.496 Thread 0x0000000017290000 13243       2       com.android.tools.r8.ir.conversion.N::a (84 bytes)
Event: 24.497 Thread 0x0000000017290000 nmethod 13243 0x0000000004d79890 code [0x0000000004d79a40, 0x0000000004d79d88]
Event: 24.499 Thread 0x0000000017290000 13245       3       com.android.tools.r8.ir.regalloc.j::a (376 bytes)
Event: 24.502 Thread 0x0000000017290000 nmethod 13245 0x0000000004daa910 code [0x0000000004daaca0, 0x0000000004dac758]

GC Heap History (10 events):
Event: 20.080 GC heap before
{Heap before GC invocations=17 (full 3):
 PSYoungGen      total 238592K, used 238591K [0x00000000eab00000, 0x00000000fe900000, 0x0000000100000000)
  eden space 215040K, 100% used [0x00000000eab00000,0x00000000f7d00000,0x00000000f7d00000)
  from space 23552K, 99% used [0x00000000f7d00000,0x00000000f93ffeb0,0x00000000f9400000)
  to   space 30720K, 0% used [0x00000000fcb00000,0x00000000fcb00000,0x00000000fe900000)
 ParOldGen       total 115712K, used 48786K [0x00000000c0000000, 0x00000000c7100000, 0x00000000eab00000)
  object space 115712K, 42% used [0x00000000c0000000,0x00000000c2fa4898,0x00000000c7100000)
 Metaspace       used 75756K, capacity 80244K, committed 80408K, reserved 1118208K
  class space    used 10405K, capacity 11223K, committed 11312K, reserved 1048576K
Event: 20.159 GC heap after
Heap after GC invocations=17 (full 3):
 PSYoungGen      total 292864K, used 22455K [0x00000000eab00000, 0x00000000ff580000, 0x0000000100000000)
  eden space 262144K, 0% used [0x00000000eab00000,0x00000000eab00000,0x00000000fab00000)
  from space 30720K, 73% used [0x00000000fcb00000,0x00000000fe0edcf8,0x00000000fe900000)
  to   space 32768K, 0% used [0x00000000fab00000,0x00000000fab00000,0x00000000fcb00000)
 ParOldGen       total 115712K, used 70296K [0x00000000c0000000, 0x00000000c7100000, 0x00000000eab00000)
  object space 115712K, 60% used [0x00000000c0000000,0x00000000c44a6388,0x00000000c7100000)
 Metaspace       used 75756K, capacity 80244K, committed 80408K, reserved 1118208K
  class space    used 10405K, capacity 11223K, committed 11312K, reserved 1048576K
}
Event: 21.375 GC heap before
{Heap before GC invocations=18 (full 3):
 PSYoungGen      total 292864K, used 284599K [0x00000000eab00000, 0x00000000ff580000, 0x0000000100000000)
  eden space 262144K, 100% used [0x00000000eab00000,0x00000000fab00000,0x00000000fab00000)
  from space 30720K, 73% used [0x00000000fcb00000,0x00000000fe0edcf8,0x00000000fe900000)
  to   space 32768K, 0% used [0x00000000fab00000,0x00000000fab00000,0x00000000fcb00000)
 ParOldGen       total 115712K, used 70296K [0x00000000c0000000, 0x00000000c7100000, 0x00000000eab00000)
  object space 115712K, 60% used [0x00000000c0000000,0x00000000c44a6388,0x00000000c7100000)
 Metaspace       used 76886K, capacity 81488K, committed 81560K, reserved 1120256K
  class space    used 10538K, capacity 11403K, committed 11440K, reserved 1048576K
Event: 21.407 GC heap after
Heap after GC invocations=18 (full 3):
 PSYoungGen      total 294912K, used 24261K [0x00000000eab00000, 0x0000000100000000, 0x0000000100000000)
  eden space 262144K, 0% used [0x00000000eab00000,0x00000000eab00000,0x00000000fab00000)
  from space 32768K, 74% used [0x00000000fab00000,0x00000000fc2b1650,0x00000000fcb00000)
  to   space 34816K, 0% used [0x00000000fde00000,0x00000000fde00000,0x0000000100000000)
 ParOldGen       total 115712K, used 70304K [0x00000000c0000000, 0x00000000c7100000, 0x00000000eab00000)
  object space 115712K, 60% used [0x00000000c0000000,0x00000000c44a8388,0x00000000c7100000)
 Metaspace       used 76886K, capacity 81488K, committed 81560K, reserved 1120256K
  class space    used 10538K, capacity 11403K, committed 11440K, reserved 1048576K
}
Event: 22.172 GC heap before
{Heap before GC invocations=19 (full 3):
 PSYoungGen      total 294912K, used 286405K [0x00000000eab00000, 0x0000000100000000, 0x0000000100000000)
  eden space 262144K, 100% used [0x00000000eab00000,0x00000000fab00000,0x00000000fab00000)
  from space 32768K, 74% used [0x00000000fab00000,0x00000000fc2b1650,0x00000000fcb00000)
  to   space 34816K, 0% used [0x00000000fde00000,0x00000000fde00000,0x0000000100000000)
 ParOldGen       total 115712K, used 70304K [0x00000000c0000000, 0x00000000c7100000, 0x00000000eab00000)
  object space 115712K, 60% used [0x00000000c0000000,0x00000000c44a8388,0x00000000c7100000)
 Metaspace       used 78680K, capacity 83264K, committed 83608K, reserved 1122304K
  class space    used 10770K, capacity 11599K, committed 11696K, reserved 1048576K
Event: 22.214 GC heap after
Heap after GC invocations=19 (full 3):
 PSYoungGen      total 309248K, used 27591K [0x00000000eab00000, 0x0000000100000000, 0x0000000100000000)
  eden space 274432K, 0% used [0x00000000eab00000,0x00000000eab00000,0x00000000fb700000)
  from space 34816K, 79% used [0x00000000fde00000,0x00000000ff8f1ca8,0x0000000100000000)
  to   space 37376K, 0% used [0x00000000fb700000,0x00000000fb700000,0x00000000fdb80000)
 ParOldGen       total 115712K, used 70312K [0x00000000c0000000, 0x00000000c7100000, 0x00000000eab00000)
  object space 115712K, 60% used [0x00000000c0000000,0x00000000c44aa388,0x00000000c7100000)
 Metaspace       used 78680K, capacity 83264K, committed 83608K, reserved 1122304K
  class space    used 10770K, capacity 11599K, committed 11696K, reserved 1048576K
}
Event: 23.132 GC heap before
{Heap before GC invocations=20 (full 3):
 PSYoungGen      total 309248K, used 302023K [0x00000000eab00000, 0x0000000100000000, 0x0000000100000000)
  eden space 274432K, 100% used [0x00000000eab00000,0x00000000fb700000,0x00000000fb700000)
  from space 34816K, 79% used [0x00000000fde00000,0x00000000ff8f1ca8,0x0000000100000000)
  to   space 37376K, 0% used [0x00000000fb700000,0x00000000fb700000,0x00000000fdb80000)
 ParOldGen       total 115712K, used 70312K [0x00000000c0000000, 0x00000000c7100000, 0x00000000eab00000)
  object space 115712K, 60% used [0x00000000c0000000,0x00000000c44aa388,0x00000000c7100000)
 Metaspace       used 79234K, capacity 83908K, committed 84120K, reserved 1122304K
  class space    used 10811K, capacity 11687K, committed 11696K, reserved 1048576K
Event: 23.167 GC heap after
Heap after GC invocations=20 (full 3):
 PSYoungGen      total 311808K, used 8586K [0x00000000eab00000, 0x0000000100000000, 0x0000000100000000)
  eden space 274432K, 0% used [0x00000000eab00000,0x00000000eab00000,0x00000000fb700000)
  from space 37376K, 22% used [0x00000000fb700000,0x00000000fbf62868,0x00000000fdb80000)
  to   space 36864K, 0% used [0x00000000fdc00000,0x00000000fdc00000,0x0000000100000000)
 ParOldGen       total 115712K, used 87715K [0x00000000c0000000, 0x00000000c7100000, 0x00000000eab00000)
  object space 115712K, 75% used [0x00000000c0000000,0x00000000c55a8d20,0x00000000c7100000)
 Metaspace       used 79234K, capacity 83908K, committed 84120K, reserved 1122304K
  class space    used 10811K, capacity 11687K, committed 11696K, reserved 1048576K
}
Event: 24.478 GC heap before
{Heap before GC invocations=21 (full 3):
 PSYoungGen      total 311808K, used 283018K [0x00000000eab00000, 0x0000000100000000, 0x0000000100000000)
  eden space 274432K, 100% used [0x00000000eab00000,0x00000000fb700000,0x00000000fb700000)
  from space 37376K, 22% used [0x00000000fb700000,0x00000000fbf62868,0x00000000fdb80000)
  to   space 36864K, 0% used [0x00000000fdc00000,0x00000000fdc00000,0x0000000100000000)
 ParOldGen       total 115712K, used 87715K [0x00000000c0000000, 0x00000000c7100000, 0x00000000eab00000)
  object space 115712K, 75% used [0x00000000c0000000,0x00000000c55a8d20,0x00000000c7100000)
 Metaspace       used 79382K, capacity 84132K, committed 84376K, reserved 1122304K
  class space    used 10811K, capacity 11687K, committed 11696K, reserved 1048576K
Event: 24.490 GC heap after
Heap after GC invocations=21 (full 3):
 PSYoungGen      total 309248K, used 6784K [0x00000000eab00000, 0x00000000ffd80000, 0x0000000100000000)
  eden space 274944K, 0% used [0x00000000eab00000,0x00000000eab00000,0x00000000fb780000)
  from space 34304K, 19% used [0x00000000fdc00000,0x00000000fe2a0010,0x00000000ffd80000)
  to   space 35840K, 0% used [0x00000000fb780000,0x00000000fb780000,0x00000000fda80000)
 ParOldGen       total 115712K, used 89311K [0x00000000c0000000, 0x00000000c7100000, 0x00000000eab00000)
  object space 115712K, 77% used [0x00000000c0000000,0x00000000c5737c98,0x00000000c7100000)
 Metaspace       used 79382K, capacity 84132K, committed 84376K, reserved 1122304K
  class space    used 10811K, capacity 11687K, committed 11696K, reserved 1048576K
}

Deoptimization events (10 events):
Event: 22.516 Thread 0x0000000018812000 Uncommon trap: reason=unstable_if action=reinterpret pc=0x00000000045f4f20 method=com.android.tools.r8.ir.conversion.o.e(I)Lcom/android/tools/r8/graph/r; @ 4
Event: 22.516 Thread 0x0000000018812000 Uncommon trap: reason=unstable_if action=reinterpret pc=0x00000000042689fc method=com.android.tools.r8.ir.conversion.o.d(I)Lcom/android/tools/r8/u/b/S0; @ 3
Event: 22.518 Thread 0x0000000018812000 Uncommon trap: reason=unstable_if action=reinterpret pc=0x0000000004ba5ae4 method=com.android.tools.r8.ir.conversion.o.a(Lcom/android/tools/r8/ir/conversion/N;IIZ)V @ 8
Event: 22.524 Thread 0x0000000019db3000 Uncommon trap: reason=unstable_if action=reinterpret pc=0x0000000004b7cc28 method=com.android.tools.r8.ir.regalloc.a.a(ILcom/android/tools/r8/ir/regalloc/h;ZLcom/android/tools/r8/ir/regalloc/h$a;)I @ 58
Event: 22.706 Thread 0x000000002673b800 Uncommon trap: reason=unstable_if action=reinterpret pc=0x0000000002b2eff0 method=org.gradle.internal.work.DefaultWorkerLeaseService$DefaultWorkerLease.grantLease()Z @ 4
Event: 22.812 Thread 0x000000002673b800 Uncommon trap: reason=class_check action=maybe_recompile pc=0x0000000003ea01ac method=java.io.BufferedOutputStream.write([BII)V @ 20
Event: 22.812 Thread 0x000000002673b800 Uncommon trap: reason=class_check action=maybe_recompile pc=0x0000000003ea01ac method=java.io.BufferedOutputStream.write([BII)V @ 20
Event: 22.813 Thread 0x000000002673b800 Uncommon trap: reason=class_check action=maybe_recompile pc=0x0000000003ea01ac method=java.io.BufferedOutputStream.write([BII)V @ 20
Event: 22.814 Thread 0x000000002673b800 Uncommon trap: reason=class_check action=maybe_recompile pc=0x0000000003ea01ac method=java.io.BufferedOutputStream.write([BII)V @ 20
Event: 24.051 Thread 0x0000000018815000 Uncommon trap: reason=class_check action=maybe_recompile pc=0x0000000004b4cb54 method=com.android.tools.r8.u.a.i.e.b(Lcom/android/tools/r8/u/b/h0;)V @ 244

Classes redefined (0 events):
No events

Internal exceptions (10 events):
Event: 20.635 Thread 0x0000000018814800 Exception <a 'java/lang/NoSuchMethodError': <clinit>> (0x00000000f098a428) thrown at [C:\src\AOSP-openjdk-git\hotspot\src\share\vm\prims\jni.cpp, line 1615]
Event: 20.636 Thread 0x0000000018814800 Exception <a 'java/lang/NoSuchMethodError': <clinit>> (0x00000000f0b94140) thrown at [C:\src\AOSP-openjdk-git\hotspot\src\share\vm\prims\jni.cpp, line 1615]
Event: 20.636 Thread 0x0000000018814800 Exception <a 'java/lang/NoSuchMethodError': <clinit>> (0x00000000f0b95460) thrown at [C:\src\AOSP-openjdk-git\hotspot\src\share\vm\prims\jni.cpp, line 1615]
Event: 20.718 Thread 0x0000000018814800 Exception <a 'java/lang/NoSuchMethodError': java.lang.Object.lambda$comparingByKey$bbdbfea9$1(Ljava/util/Map$Entry;Ljava/util/Map$Entry;)I> (0x00000000f1a88d90) thrown at [C:\src\AOSP-openjdk-git\hotspot\src\share\vm\interpreter\linkResolver.cpp, line 620
Event: 22.620 Thread 0x0000000018814800 Exception <a 'java/lang/NoSuchMethodError': <clinit>> (0x00000000f19c5170) thrown at [C:\src\AOSP-openjdk-git\hotspot\src\share\vm\prims\jni.cpp, line 1615]
Event: 22.622 Thread 0x0000000018814800 Exception <a 'java/lang/NoSuchMethodError': <clinit>> (0x00000000f19e21c0) thrown at [C:\src\AOSP-openjdk-git\hotspot\src\share\vm\prims\jni.cpp, line 1615]
Event: 22.656 Thread 0x0000000018814800 Exception <a 'java/lang/NoSuchMethodError': <clinit>> (0x00000000f1a040c0) thrown at [C:\src\AOSP-openjdk-git\hotspot\src\share\vm\prims\jni.cpp, line 1615]
Event: 22.667 Thread 0x0000000018814800 Exception <a 'java/lang/NoSuchMethodError': <clinit>> (0x00000000f285d850) thrown at [C:\src\AOSP-openjdk-git\hotspot\src\share\vm\prims\jni.cpp, line 1615]
Event: 22.811 Thread 0x000000002673b800 Exception <a 'java/lang/NoSuchMethodError': java.lang.Object.lambda$negate$1(Ljava/lang/Object;)Z> (0x00000000f575bef0) thrown at [C:\src\AOSP-openjdk-git\hotspot\src\share\vm\interpreter\linkResolver.cpp, line 620]
Event: 23.701 Thread 0x0000000019db3000 Exception <a 'sun/nio/fs/WindowsException'> (0x00000000f26d6298) thrown at [C:\src\AOSP-openjdk-git\hotspot\src\share\vm\prims\jni.cpp, line 710]

Events (10 events):
Event: 24.445 Thread 0x0000000018815000 DEOPT PACKING pc=0x00000000046c77f5 sp=0x0000000024a7a210
Event: 24.445 Thread 0x0000000018815000 DEOPT UNPACKING pc=0x00000000029975d0 sp=0x0000000024a7a348 mode 0
Event: 24.464 Thread 0x0000000018815000 DEOPT PACKING pc=0x00000000045409b0 sp=0x0000000024a7a220
Event: 24.464 Thread 0x0000000018815000 DEOPT UNPACKING pc=0x00000000029975d0 sp=0x0000000024a7a068 mode 0
Event: 24.472 Thread 0x0000000018812000 DEOPT PACKING pc=0x00000000046c77d4 sp=0x0000000024fba290
Event: 24.472 Thread 0x0000000018812000 DEOPT UNPACKING pc=0x00000000029975d0 sp=0x0000000024fba3c0 mode 0
Event: 24.477 Executing VM operation: ParallelGCFailedAllocation
Event: 24.490 Executing VM operation: ParallelGCFailedAllocation done
Event: 24.506 Thread 0x0000000018815000 DEOPT PACKING pc=0x00000000045409b0 sp=0x0000000024a7a220
Event: 24.506 Thread 0x0000000018815000 DEOPT UNPACKING pc=0x00000000029975d0 sp=0x0000000024a7a068 mode 0


Dynamic libraries:
0x00007ff78ec30000 - 0x00007ff78ec61000 	C:\Program Files\Android\Android Studio1\jre\bin\java.exe
0x00007ffe2e960000 - 0x00007ffe2eb50000 	C:\Windows\SYSTEM32\ntdll.dll
0x00007ffe2d4e0000 - 0x00007ffe2d592000 	C:\Windows\System32\KERNEL32.DLL
0x00007ffe2c440000 - 0x00007ffe2c6e5000 	C:\Windows\System32\KERNELBASE.dll
0x00007ffe2d2f0000 - 0x00007ffe2d393000 	C:\Windows\System32\ADVAPI32.dll
0x00007ffe2e150000 - 0x00007ffe2e1ee000 	C:\Windows\System32\msvcrt.dll
0x00007ffe2cb30000 - 0x00007ffe2cbc7000 	C:\Windows\System32\sechost.dll
0x00007ffe2e030000 - 0x00007ffe2e14f000 	C:\Windows\System32\RPCRT4.dll
0x00007ffe2e780000 - 0x00007ffe2e914000 	C:\Windows\System32\USER32.dll
0x00007ffe2c410000 - 0x00007ffe2c431000 	C:\Windows\System32\win32u.dll
0x00007ffe2d650000 - 0x00007ffe2d676000 	C:\Windows\System32\GDI32.dll
0x00007ffe2c270000 - 0x00007ffe2c408000 	C:\Windows\System32\gdi32full.dll
0x00007ffe2b8d0000 - 0x00007ffe2b96e000 	C:\Windows\System32\msvcp_win.dll
0x00007ffe2c140000 - 0x00007ffe2c23a000 	C:\Windows\System32\ucrtbase.dll
0x00007ffe17e40000 - 0x00007ffe180c4000 	C:\Windows\WinSxS\amd64_microsoft.windows.common-controls_6595b64144ccf1df_6.0.18362.1440_none_9e7dbfb9e45e8e67\COMCTL32.dll
0x00007ffe2dc40000 - 0x00007ffe2df76000 	C:\Windows\System32\combase.dll
0x00007ffe2c6f0000 - 0x00007ffe2c771000 	C:\Windows\System32\bcryptPrimitives.dll
0x00007ffe2d5a0000 - 0x00007ffe2d5ce000 	C:\Windows\System32\IMM32.DLL
0x000000005d350000 - 0x000000005d422000 	C:\Program Files\Android\Android Studio1\jre\jre\bin\msvcr100.dll
0x000000005d510000 - 0x000000005dd5b000 	C:\Program Files\Android\Android Studio1\jre\jre\bin\server\jvm.dll
0x00007ffe2dc30000 - 0x00007ffe2dc38000 	C:\Windows\System32\PSAPI.DLL
0x00007ffe26c60000 - 0x00007ffe26c6a000 	C:\Windows\SYSTEM32\VERSION.dll
0x00007ffe27e40000 - 0x00007ffe27e64000 	C:\Windows\SYSTEM32\WINMM.dll
0x00007ffe27ed0000 - 0x00007ffe27ed9000 	C:\Windows\SYSTEM32\WSOCK32.dll
0x00007ffe2dbc0000 - 0x00007ffe2dc2f000 	C:\Windows\System32\WS2_32.dll
0x00007ffe27e10000 - 0x00007ffe27e3d000 	C:\Windows\SYSTEM32\winmmbase.dll
0x00007ffe2b970000 - 0x00007ffe2b9ba000 	C:\Windows\System32\cfgmgr32.dll
0x00007ffe27f00000 - 0x00007ffe27f0f000 	C:\Program Files\Android\Android Studio1\jre\jre\bin\verify.dll
0x00007ffe27550000 - 0x00007ffe27579000 	C:\Program Files\Android\Android Studio1\jre\jre\bin\java.dll
0x00007ffe27c90000 - 0x00007ffe27ca6000 	C:\Program Files\Android\Android Studio1\jre\jre\bin\zip.dll
0x00007ffe2cbd0000 - 0x00007ffe2d2b8000 	C:\Windows\System32\SHELL32.dll
0x00007ffe2e660000 - 0x00007ffe2e707000 	C:\Windows\System32\shcore.dll
0x00007ffe2b9c0000 - 0x00007ffe2c13b000 	C:\Windows\System32\windows.storage.dll
0x00007ffe2b840000 - 0x00007ffe2b85e000 	C:\Windows\System32\profapi.dll
0x00007ffe2b880000 - 0x00007ffe2b8ca000 	C:\Windows\System32\powrprof.dll
0x00007ffe2b810000 - 0x00007ffe2b820000 	C:\Windows\System32\UMPDC.dll
0x00007ffe2cad0000 - 0x00007ffe2cb22000 	C:\Windows\System32\shlwapi.dll
0x00007ffe2b860000 - 0x00007ffe2b871000 	C:\Windows\System32\kernel.appcore.dll
0x00007ffe2c940000 - 0x00007ffe2c957000 	C:\Windows\System32\cryptsp.dll
0x00007ffe27790000 - 0x00007ffe277aa000 	C:\Program Files\Android\Android Studio1\jre\jre\bin\net.dll
0x00007ffe2aff0000 - 0x00007ffe2b057000 	C:\Windows\system32\mswsock.dll
0x00007ffe25430000 - 0x00007ffe25443000 	C:\Program Files\Android\Android Studio1\jre\jre\bin\nio.dll
0x00007ffe1f7a0000 - 0x00007ffe1f7c6000 	C:\Users\admin\.gradle\native\31\windows-amd64\native-platform.dll
0x00007ffe27ef0000 - 0x00007ffe27efd000 	C:\Program Files\Android\Android Studio1\jre\jre\bin\management.dll
0x00007ffe2ab70000 - 0x00007ffe2aba3000 	C:\Windows\system32\rsaenh.dll
0x00007ffe2c240000 - 0x00007ffe2c266000 	C:\Windows\System32\bcrypt.dll
0x00007ffe2b730000 - 0x00007ffe2b755000 	C:\Windows\SYSTEM32\USERENV.dll
0x00007ffe2b1c0000 - 0x00007ffe2b1cc000 	C:\Windows\SYSTEM32\CRYPTBASE.dll
0x00007ffe2ad00000 - 0x00007ffe2ad3a000 	C:\Windows\SYSTEM32\IPHLPAPI.DLL
0x00007ffe2d2e0000 - 0x00007ffe2d2e8000 	C:\Windows\System32\NSI.dll
0x00007ffe23dd0000 - 0x00007ffe23de6000 	C:\Windows\SYSTEM32\dhcpcsvc6.DLL
0x00007ffe247b0000 - 0x00007ffe247cc000 	C:\Windows\SYSTEM32\dhcpcsvc.DLL
0x00007ffe2ad40000 - 0x00007ffe2ae0b000 	C:\Windows\SYSTEM32\DNSAPI.dll

VM Arguments:
jvm_args: -Xmx1024m -Dfile.encoding=windows-1252 -Duser.country=US -Duser.language=en -Duser.variant 
java_command: org.gradle.launcher.daemon.bootstrap.GradleDaemon 6.1.1
java_class_path (initial): C:\Users\admin\.gradle\wrapper\dists\gradle-6.1.1-all\cfmwm155h49vnt3hynmlrsdst\gradle-6.1.1\lib\gradle-launcher-6.1.1.jar
Launcher Type: SUN_STANDARD

Environment Variables:
JAVA_HOME=C:\Program Files\JDK\jdk-14.0.1\bin
PATH=C:\Windows\system32;C:\Windows;C:\Windows\System32\Wbem;C:\Windows\System32\WindowsPowerShell\v1.0\;C:\Windows\System32\OpenSSH\;C:\Program Files (x86)\Intel\Intel(R) Management Engine Components\DAL;C:\Program Files\Intel\Intel(R) Management Engine Components\DAL;C:\Program Files (x86)\Microsoft SQL Server\100\Tools\Binn\;C:\Program Files\Microsoft SQL Server\100\Tools\Binn\;C:\Program Files\Microsoft SQL Server\100\DTS\Binn\;C:\Program Files (x86)\Microsoft SQL Server\100\Tools\Binn\VSShell\Common7\IDE\;C:\Program Files (x86)\Microsoft SQL Server\100\DTS\Binn\;C:\Program Files\Git\cmd;C:\Program Files\dotnet\;C:\Users\admin\Anaconda111;C:\Users\admin\Anaconda111\Library\mingw-w64\bin;C:\Users\admin\Anaconda111\Library\usr\bin;C:\Users\admin\Anaconda111\Library\bin;C:\Users\admin\Anaconda111\Scripts;C:\Users\admin\anaconda3;C:\Users\admin\anaconda3\Library\mingw-w64\bin;C:\Users\admin\anaconda3\Library\usr\bin;C:\Users\admin\anaconda3\Library\bin;C:\Users\admin\anaconda3\Scripts;C:\Users\admin\AppData\Local\Microsoft\WindowsApps;C:\Users\admin\AppData\Local\Programs\Microsoft VS Code\bin;C:\Users\admin\.dotnet\tools
USERNAME=Ha Thanh Hai
OS=Windows_NT
PROCESSOR_IDENTIFIER=Intel64 Family 6 Model 142 Stepping 12, GenuineIntel



---------------  S Y S T E M  ---------------

OS: Windows 10.0 , 64 bit Build 18362 (10.0.18362.1350)

CPU:total 8 (initial active 8) (4 cores per cpu, 2 threads per core) family 6 model 142 stepping 12, cmov, cx8, fxsr, mmx, sse, sse2, sse3, ssse3, sse4.1, sse4.2, popcnt, avx, avx2, aes, clmul, erms, 3dnowpref, lzcnt, ht, tsc, tscinvbit, bmi1, bmi2, adx

Memory: 4k page, physical 8233304k(534948k free), swap 12525912k(5676k free)

vm_info: OpenJDK 64-Bit Server VM (25.242-b01) for windows-amd64 JRE (1.8.0_242-release-1644-b01), built by "builder" with MS VC++ 10.0 (VS2010)

time: Thu Apr 08 19:56:11 2021
timezone: SE Asia Standard Time
elapsed time: 24 seconds (0d 0h 0m 24s)

